[15236][1758888956066][main][info]["Booting Postman 11.64.6, win32-10.0.26100 on x64"]
[15236][1758888956070][main][info]["EventBus~initialize - Success"]
[15236][1758888956072][main][info]["Proxy configuration has not been setup"]
[15236][1758888956073][main][info]["CloudProxyManager~init - Success"]
[15236][1758888956147][main][info]["performShellDataMigration: Starting shell data migration"]
[15236][1758888956148][main][info]["migrateShellData:Starting"]
[15236][1758888956152][main][info]["migrateShellData: Old storage cleaned up"]
[15236][1758888957910][main][info]["migrateShellData: Got data from shell. Writing to storage"]
[15236][1758888957953][main][info]["performShellDataMigration: Migration successful on try count 1"]
[15236][1758888957956][main][info]["UpdateHandler~init - Success"]
[15236][1758888957961][main][info]["LeaderSelection: Initialized successfully"]
[15236][1758888958020][main][info]["GPU detected VID 32902 DID 39497 ACTIVE false"]
[15236][1758888958020][main][info]["GPU detected VID 5140 DID 140 ACTIVE false"]
[15236][1758888958064][main][info]["main.js: Agent started"]
[15236][1758888958065][main][info]["shellController~init: Success"]
[15236][1758888958065][main][info]["shellMeta~init: Success"]
[15236][1758888958065][main][info]["partitionMigrationService: State of V7 partition:"]
[15236][1758888958066][main][info]["partitionMigrationService: V7 partitions",[]]
[15236][1758888958066][main][info]["partitionMigrationService~rectifyNamespaceOfScratchPadPartition: There is no partition with scratchpad namespace"]
[15236][1758888958066][main][info]["partitionMigrationService~rectifyNamespaceOfScratchPadPartition: There is no transit partition which could have been used for scratchpad"]
[15236][1758888958066][main][info]["partitionMigrationService~init: Success"]
[15236][1758888958067][main][info]["partitionMigrationService~runV8PartitionsIntegrity: Two way migration~ removing the following partitions from v8",[]]
[15236][1758888958067][main][info]["userPartitionService~_rectifyTheActivePartitionOfApplication: Setting the active partition to ",null]
[15236][1758888958095][main][info]["newAccountRegionPreferenceService~getPreferenceWithFallback - Preference not found in storage."]
[15236][1758888958095][main][info]["newAccountRegionPreferenceService~getToggleMenuTemplate - Using preference:","useUSRegion"]
[15236][1758888958115][main][info]["userPartitionService~init: Success"]
[15236][1758888958143][main][info]["userPartitionService: State of v8 partition system:"]
[15236][1758888958144][main][info]["shell~init~getPartitionToLoad: loading scratchpad partition"]
[15236][1758888958144][main][info]["userPartitionService: List of partitions:",[]]
[15236][1758888958144][main][info]["userPartitionService: users global meta:",{}]
[15236][1758888958172][main][info]["Main:windowManager~newRequesterWindow: Fetch and update runtime config: undefined"]
[15236][1758888962786][main][info]["RuntimeIPCAgent~started: Success"]
[15236][1758888962819][main][info]["Main~scratchpadThemeAction:: action: set, value: light"]
[15236][1758888962823][main][info]["Main~scratchpadThemeAction:: action: set, value: light"]
[15236][1758888962838][main][info]["Main~scratchpadThemeAction:: action: set, value: light"]
[15236][1758888962846][main][info]["UpdateHandler~app-update-events - Received event",{"name":"checkForElectronVersionUpdated","namespace":"appUpdate"}]
[15236][1758888962852][main][info]["windowManager: First requester booted successfully."]
[15236][1758888962853][main][info]["windowManager~restoreWindows: Restoring requester windows"]
[15236][1758888962853][main][info]["WebVersionService: Initialized successfully with version: undefined"]
[15236][1758888962853][main][info]["Main~AppEvents - Received booted event for process requester.Version undefined UI Version: undefined Desktop Platform Version: 11.64.6"]
[15236][1758888970144][main][info]["Main - model-events~user - (users, add) received"]
[15236][1758888970227][main][info]["WebVersionService: Resetting UI version as user logged out/switched account"]
[15236][1758888970228][main][info]["WebVersionService: Resetting web app version"]
[15236][1758888970560][main][info]["AuthHandler~open: Received dom-ready event."]
[15236][1758888970561][main][info]["AuthHandler~open: Received did-finish-load event."]
[15236][1758888970561][main][info]["ProtocolHandler~init - Success with status: true]"]
[15236][1758888970562][main][info]["AuthHandler~open: App confirmed to be default protocol client."]
[15236][1758888970563][main][info]["newAccountRegionPreferenceService~getPreferenceWithFallback - Preference not found in storage."]
[15236][1758888970564][main][info]["newAccountRegionPreferenceService~getRegionPreference - Using preference:","useUSRegion"]
[15236][1758888970564][main][info]["AuthHandler~open: new Account region preference:","us"]
[15236][1758888970564][main][info]["AuthHandler~open: get multiLoginToken token."]
[15236][1758888970564][main][info]["AuthHandler~open: Publishing initialize event to auth-window channel."]
[15236][1758888985920][main][info]["userPartitionService: State of v8 partition system:"]
[15236][1758888985920][main][info]["shell~init~getPartitionToLoad: loading scratchpad partition"]
[15236][1758888985920][main][info]["userPartitionService: List of partitions:",[{"partitionId":"7b421cce-a2c9-4001-862e-c05adac0a82e","namespace":"scratchPad","userId":0,"teamId":0,"isDirty":false}]]
[15236][1758888985920][main][info]["userPartitionService: users global meta:",{}]
[15236][1758888985920][main][info]["Main:windowManager~newRequesterWindow: Fetch and update runtime config: undefined"]
[15236][1758888985921][main][warn]["WindowManager~newRequesterWindow - Bailing requester window creation as first requester is not booted."]
[15236][1758888985921][main][info]["ProtocolHandler~handleOpenUrl: postman://auth/callback?code=f1fc5acb2dd9fe622d03a864f8b471d59a7ba3a36509820529900eaea10235da"]
[15236][1758888985921][main][info]["AuthHandler~handleAuthUrl: Received auth url - postman://auth/callback?code=f1fc5acb2dd9fe622d03a864f8b471d59a7ba3a36509820529900eaea10235da"]
[15236][1758888985921][main][info]["AuthHandler~handleAuthorizationRedirectUrl: Received authorization redirect url - postman://auth/callback?code=f1fc5acb2dd9fe622d03a864f8b471d59a7ba3a36509820529900eaea10235da"]
[15236][1758888986447][main][info]["Shell~init~loginUser: associating the user ","48815872"," with transit partition"]
[15236][1758888986448][main][info]["userPartitionService~getNewPartitionId: creating a partition with userId and teamId as 0"]
[15236][1758888986475][main][info]["userPartitionService~associateTransitPartition: ",{"partitionId":"13f3f0fb-39e7-4b2a-b670-dab11e489845","context":{"namespace":"users","userId":"48815872","teamId":"10457217","region":"us"}}]
[15236][1758888986519][main][info]["userPartitionService: State of v8 partition system:"]
[15236][1758888986520][main][info]["userPartitionService: List of partitions:",[{"partitionId":"13f3f0fb-39e7-4b2a-b670-dab11e489845","namespace":"users","userId":"48815872","teamId":"10457217","lastUpdated":"2025-09-26T12:16:26.475Z"},{"partitionId":"7b421cce-a2c9-4001-862e-c05adac0a82e","namespace":"scratchPad","userId":0,"teamId":0,"isDirty":false}]]
[15236][1758888986520][main][info]["userPartitionService: users global meta:",{}]
[15236][1758888986543][main][info]["Main:windowManager~newRequesterWindow: found partition: 13f3f0fb-39e7-4b2a-b670-dab11e489845 for user: 48815872 on us"]
[15236][1758888986543][main][info]["Main:windowManager~newRequesterWindow: Fetch and update runtime config: us"]
[15236][1758888986637][main][info]["getDesktopReleaseVersionAsQueryParams: webVersion: "]
[15236][1758888989447][main][info]["Main~getRemoteInitPath:: "]
[15236][1758888989508][main][info]["Main - model-events~user - (user, update) received"]
[15236][1758888989508][main][info]["Main~reload: https://desktop.postman.com/?desktopVersion=11.64.6&userId=48815872&teamId=10457217&region=us"]
[15236][1758888990997][main][info]["Main~getRemoteInitPath:: "]
[15236][1758888991053][main][info]["Main - model-events~user - (user, update) received"]
[15236][1758888991756][main][info]["UpdateHandler~app-update-events - Received event",{"name":"checkForElectronVersionUpdated","namespace":"appUpdate"}]
[15236][1758888991759][main][info]["INTERCEPTOR CONNECTIVITY: Connecting to Interceptor Bridge"]
[15236][1758888991769][main][info]["windowManager: First requester booted successfully."]
[15236][1758888991769][main][info]["windowManager~restoreWindows: Restoring requester windows"]
[15236][1758888991769][main][info]["WebVersionService: Initialized successfully with version: 11.64.6-ui-250925-0342"]
[15236][1758888991769][main][info]["Main~AppEvents - Received booted event for process requester.Version 11.64.6 UI Version: 11.64.6-ui-250925-0342 Desktop Platform Version: 11.64.6"]
[15236][1758888991861][main][info]["Main~getRemoteInitPath:: "]
[15236][1758888992196][main][info]["Main~getPlatformLaunchPerfMetrics"]
[15236][1758888992255][main][info]["INTERCEPTOR CONNECTIVITY: Attempting to start websocket server on port 15611"]
[15236][1758888992747][main][info]["Main - model-events~user - (user, bootstrapUser) received"]
[15236][1758888992747][main][info]["model-events~user - bootstrapUser received"]
[15236][1758888995320][main][info]["Main - model-events~user - (user, bootstrapUser) received"]
[15236][1758888995321][main][info]["model-events~user - bootstrapUser received"]
[15236][1758889000960][main][info]["Agent.worker: Agent process started"]
[15236][1758889000960][main][info]["Initializing provider:","runtime"]
[15236][1758889000961][main][info]["Initializing provider:","cloudFiles"]
[15236][1758889000961][main][info]["Agent.worker: Provider initialized","cloudFiles"]
[15236][1758889001128][main][info]["Agent.worker: Provider initialized","runtime"]
[15236][1758889002528][main][info]["UpdateHandler~app-update-events - Received event",{"name":"updateElectron","namespace":"appUpdate","data":{"channel":"stable","version":"11.64.6","downloadVersion":"11.64.7","appId":"3da166fc-b7ef-4fcc-a82c-e7a77d30462f","userAgent":"Mozilla/5.0 (Windows NT 10.0; Win64; x64) AppleWebKit/537.36 (KHTML, like Gecko) Postman/11.64.6 Electron/33.4.11 Safari/537.36","platform":"WIN64","arch":"64","downloadURL":"https://dl.pstmn.io/download/version/11.64.7/windows_64","updateServerDomain":"https://dl.pstmn.io/","additionalParamsString":"installationId=3da166fc-b7ef-4fcc-a82c-e7a77d30462f&userId=48815872&syncEnabled=true&teamPlan=sync-free-3-trial&teamId=10457217","userId":"48815872"}}]
[15236][1758889002529][main][info]["@postman/app-updater: Checking for update"]
[15236][1758889004444][main][info]["@postman/app-updater: Update Available"]
[15236][1758889029397][main][info]["@postman/app-updater: Update updateDownloaded","","11.64.7","2025-09-26T12:17:09.397Z","https://dl.pstmn.io/update/WIN64/11.64.6/stable?installationId=3da166fc-b7ef-4fcc-a82c-e7a77d30462f&userId=48815872&syncEnabled=true&teamPlan=sync-free-3-trial&teamId=10457217"]
[15236][1758889029398][main][info]["UpdateHandler~app-update-events - Received event",{"name":"electronAppUpdateDownloaded","namespace":"appUpdate","data":{"releaseName":"11.64.7","notes":"","date":"2025-09-26T12:17:09.397Z","URL":"https://dl.pstmn.io/update/WIN64/11.64.6/stable?installationId=3da166fc-b7ef-4fcc-a82c-e7a77d30462f&userId=48815872&syncEnabled=true&teamPlan=sync-free-3-trial&teamId=10457217"}}]
[15236][1758890579602][main][info]["Agent.worker: Provider initialized","fs"]
[15236][1758890579606][main][info]["Initializing provider:","fs"]
[15236][1758898477908][main][info]["Emitting screen event on main process","lock-screen"]
[15236][1758898484808][main][info]["App Ownership Service: Windows ownership check",{"appPath":"C:\\Users\\marit\\AppData\\Local\\Postman","isCurrentUser":true,"isElevated":false,"isRoot":false}]
[15236][1758898486536][main][info]["Emitting screen event on main process","unlock-screen"]
[15236][1758898487061][main][info]["App Ownership Service: Windows ownership check",{"appPath":"C:\\Users\\marit\\AppData\\Local\\Postman","isCurrentUser":true,"isElevated":false,"isRoot":false}]
[15236][1758913347449][main][info]["Emitting screen event on main process","lock-screen"]
[15236][1758913353504][main][info]["App Ownership Service: Windows ownership check",{"appPath":"C:\\Users\\marit\\AppData\\Local\\Postman","isCurrentUser":true,"isElevated":false,"isRoot":false}]
[15236][1758913353816][main][info]["App Ownership Service: Windows ownership check",{"appPath":"C:\\Users\\marit\\AppData\\Local\\Postman","isCurrentUser":true,"isElevated":false,"isRoot":false}]
[15236][1758915527497][main][info]["Emitting screen event on main process","unlock-screen"]
[15236][1758930511056][main][info]["Emitting screen event on main process","lock-screen"]
[15236][1758930516345][main][info]["App Ownership Service: Windows ownership check",{"appPath":"C:\\Users\\marit\\AppData\\Local\\Postman","isCurrentUser":true,"isElevated":false,"isRoot":false}]
[15236][1758930516465][main][info]["App Ownership Service: Windows ownership check",{"appPath":"C:\\Users\\marit\\AppData\\Local\\Postman","isCurrentUser":true,"isElevated":false,"isRoot":false}]
[15236][1758957047789][main][info]["Emitting screen event on main process","unlock-screen"]
[15236][1759014340901][main][info]["Emitting screen event on main process","lock-screen"]
[15236][1759014346635][main][info]["App Ownership Service: Windows ownership check",{"appPath":"C:\\Users\\marit\\AppData\\Local\\Postman","isCurrentUser":true,"isElevated":false,"isRoot":false}]
[15236][1759014346763][main][info]["App Ownership Service: Windows ownership check",{"appPath":"C:\\Users\\marit\\AppData\\Local\\Postman","isCurrentUser":true,"isElevated":false,"isRoot":false}]
[15236][1759014348434][main][info]["@postman/app-updater: restarting app to update"]
[15236][1759014348919][main][info]["Quitting app"]
[22940][1759014354350][main][info]["Booting Postman 11.64.7, win32-10.0.26100 on x64"]
[22940][1759014354352][main][info]["EventBus~initialize - Success"]
[22940][1759014354355][main][info]["Proxy configuration has not been setup"]
[22940][1759014354356][main][info]["CloudProxyManager~init - Success"]
[22940][1759014354479][main][info]["performShellDataMigration: Migration has already been done. Bailing out"]
[22940][1759014354481][main][info]["UpdateHandler~init - Success"]
[22940][1759014354485][main][info]["LeaderSelection: Initialized successfully"]
[22940][1759014354515][main][info]["GPU detected VID 32902 DID 39497 ACTIVE false"]
[22940][1759014354515][main][info]["GPU detected VID 5140 DID 140 ACTIVE false"]
[22940][1759014354518][main][info]["main.js: Agent started"]
[22940][1759014354518][main][info]["shellController~init: Success"]
[22940][1759014354519][main][info]["shellMeta~init: Success"]
[22940][1759014354519][main][info]["partitionMigrationService: State of V7 partition:"]
[22940][1759014354519][main][info]["partitionMigrationService: V7 partitions",[]]
[22940][1759014354519][main][info]["partitionMigrationService~rectifyNamespaceOfScratchPadPartition: There is no partition with scratchpad namespace"]
[22940][1759014354519][main][info]["partitionMigrationService~rectifyNamespaceOfScratchPadPartition: There is no transit partition which could have been used for scratchpad"]
[22940][1759014354519][main][info]["partitionMigrationService~init: Success"]
[22940][1759014354520][main][info]["partitionMigrationService~runV8PartitionsIntegrity: Two way migration~ removing the following partitions from v8",[]]
[22940][1759014354520][main][info]["userPartitionService~getRecentV8UserPartition: recent v8 user context partition ","13f3f0fb-39e7-4b2a-b670-dab11e489845"]
[22940][1759014354520][main][info]["userPartitionService~_rectifyTheActivePartitionOfApplication: Setting the active partition to ","13f3f0fb-39e7-4b2a-b670-dab11e489845"]
[22940][1759014354525][main][info]["newAccountRegionPreferenceService~getPreferenceWithFallback - Preference not found in storage."]
[22940][1759014354526][main][info]["newAccountRegionPreferenceService~getToggleMenuTemplate - Using preference:","useUSRegion"]
[22940][1759014354544][main][info]["userPartitionService~init: Success"]
[22940][1759014354572][main][info]["userPartitionService: State of v8 partition system:"]
[22940][1759014354573][main][info]["shell~init~getPartitionToLoad: loading active partition"]
[22940][1759014354573][main][info]["userPartitionService: List of partitions:",[{"partitionId":"13f3f0fb-39e7-4b2a-b670-dab11e489845","namespace":"users","userId":"48815872","teamId":"10457217","lastUpdated":"2025-09-26T12:16:26.534Z"},{"partitionId":"7b421cce-a2c9-4001-862e-c05adac0a82e","namespace":"scratchPad","userId":0,"teamId":0,"isDirty":false}]]
[22940][1759014354573][main][info]["userPartitionService: users global meta:",{}]
[22940][1759014354573][main][info]["Main:windowManager~newRequesterWindow: Fetch and update runtime config: us"]
[22940][1759014354867][main][info]["getDesktopReleaseVersionAsQueryParams: webVersion: "]
[22940][1759014356530][main][info]["Main~getRemoteInitPath:: "]
[22940][1759014356590][main][info]["UpdateHandler~app-update-events - Received event",{"name":"checkForElectronVersionUpdated","namespace":"appUpdate"}]
[22940][1759014356592][main][info]["@postman/app-updater: version Updated","11.64.6","11.64.7"]
[22940][1759014356606][main][info]["UpdateHandler~app-update-events - Received event",{"name":"electronVersionUpdated","namespace":"appUpdate","data":{"lastKnownVersion":"11.64.6","currentVersion":"11.64.7"}}]
[22940][1759014356610][main][info]["INTERCEPTOR CONNECTIVITY: Connecting to Interceptor Bridge"]
[22940][1759014356617][main][info]["windowManager: First requester booted successfully."]
[22940][1759014356617][main][info]["windowManager~restoreWindows: Restoring requester windows"]
[22940][1759014356618][main][info]["WebVersionService: Initialized successfully with version: 11.64.7-ui-250926-0110"]
[22940][1759014356618][main][info]["Main~AppEvents - Received booted event for process requester.Version 11.64.7 UI Version: 11.64.7-ui-250926-0110 Desktop Platform Version: 11.64.7"]
[22940][1759014356755][main][info]["Main~getRemoteInitPath:: "]
[22940][1759014357148][main][info]["INTERCEPTOR CONNECTIVITY: Attempting to start websocket server on port 15611"]
[22940][1759014363298][main][info]["Agent.worker: Agent process started"]
[22940][1759014363299][main][info]["Initializing provider:","cloudFiles"]
[22940][1759014363300][main][info]["Agent.worker: Provider initialized","cloudFiles"]
[22940][1759014363309][main][info]["Initializing provider:","fs"]
[22940][1759014363309][main][info]["Agent.worker: Provider initialized","fs"]
[22940][1759014363518][main][info]["Main - model-events~user - (user, bootstrapUser) received"]
[22940][1759014363518][main][info]["model-events~user - bootstrapUser received"]
[22940][1759014363764][main][info]["Main~getPlatformLaunchPerfMetrics"]
[22940][1759014366591][main][info]["RuntimeIPCAgent~started: Success"]
[22940][1759014366636][main][info]["Initializing provider:","runtime"]
[22940][1759014366878][main][info]["Agent.worker: Provider initialized","runtime"]
[22940][1759037475986][main][info]["Emitting screen event on main process","unlock-screen"]
[22940][1759101189963][main][info]["Emitting screen event on main process","lock-screen"]
[22940][1759101196149][main][info]["App Ownership Service: Windows ownership check",{"appPath":"C:\\Users\\marit\\AppData\\Local\\Postman","isCurrentUser":true,"isElevated":false,"isRoot":false}]
[22940][1759101196291][main][info]["App Ownership Service: Windows ownership check",{"appPath":"C:\\Users\\marit\\AppData\\Local\\Postman","isCurrentUser":true,"isElevated":false,"isRoot":false}]
[22940][1759122749767][main][info]["Emitting screen event on main process","unlock-screen"]
[22940][1759132384457][main][info]["Emitting screen event on main process","lock-screen"]
[22940][1759132390101][main][info]["App Ownership Service: Windows ownership check",{"appPath":"C:\\Users\\marit\\AppData\\Local\\Postman","isCurrentUser":true,"isElevated":false,"isRoot":false}]
[22940][1759132390224][main][info]["App Ownership Service: Windows ownership check",{"appPath":"C:\\Users\\marit\\AppData\\Local\\Postman","isCurrentUser":true,"isElevated":false,"isRoot":false}]
[22940][1759133485188][main][info]["Emitting screen event on main process","unlock-screen"]
[22940][1759137842473][main][info]["Emitting screen event on main process","lock-screen"]
[22940][1759137870895][main][info]["Emitting screen event on main process","unlock-screen"]
[22940][1759141201043][main][info]["WindowManager~closeHandler - Closed Window (id: 1 )"]
[22940][1759141201474][main][info]["Quitting app"]
[15004][1759143030838][main][info]["Booting Postman 11.64.7, win32-10.0.26100 on x64"]
[15004][1759143030849][main][info]["EventBus~initialize - Success"]
[15004][1759143030868][main][info]["Proxy configuration has not been setup"]
[15004][1759143030870][main][info]["CloudProxyManager~init - Success"]
[15004][1759143032310][main][info]["performShellDataMigration: Migration has already been done. Bailing out"]
[15004][1759143032313][main][info]["UpdateHandler~init - Success"]
[15004][1759143032321][main][info]["LeaderSelection: Initialized successfully"]
[15004][1759143032389][main][info]["GPU detected VID 32902 DID 39497 ACTIVE false"]
[15004][1759143032390][main][info]["GPU detected VID 5140 DID 140 ACTIVE false"]
[15004][1759143032401][main][info]["main.js: Agent started"]
[15004][1759143032403][main][info]["shellController~init: Success"]
[15004][1759143032404][main][info]["shellMeta~init: Success"]
[15004][1759143032405][main][info]["partitionMigrationService: State of V7 partition:"]
[15004][1759143032405][main][info]["partitionMigrationService: V7 partitions",[]]
[15004][1759143032406][main][info]["partitionMigrationService~rectifyNamespaceOfScratchPadPartition: There is no partition with scratchpad namespace"]
[15004][1759143032406][main][info]["partitionMigrationService~rectifyNamespaceOfScratchPadPartition: There is no transit partition which could have been used for scratchpad"]
[15004][1759143032407][main][info]["partitionMigrationService~init: Success"]
[15004][1759143032408][main][info]["partitionMigrationService~runV8PartitionsIntegrity: Two way migration~ removing the following partitions from v8",[]]
[15004][1759143032410][main][info]["userPartitionService~getRecentV8UserPartition: recent v8 user context partition ","13f3f0fb-39e7-4b2a-b670-dab11e489845"]
[15004][1759143032410][main][info]["userPartitionService~_rectifyTheActivePartitionOfApplication: Setting the active partition to ","13f3f0fb-39e7-4b2a-b670-dab11e489845"]
[15004][1759143032425][main][info]["newAccountRegionPreferenceService~getPreferenceWithFallback - Preference not found in storage."]
[15004][1759143032425][main][info]["newAccountRegionPreferenceService~getToggleMenuTemplate - Using preference:","useUSRegion"]
[15004][1759143032452][main][info]["userPartitionService~init: Success"]
[15004][1759143032565][main][info]["userPartitionService: State of v8 partition system:"]
[15004][1759143032565][main][info]["shell~init~getPartitionToLoad: loading active partition"]
[15004][1759143032566][main][info]["userPartitionService: List of partitions:",[{"partitionId":"13f3f0fb-39e7-4b2a-b670-dab11e489845","namespace":"users","userId":"48815872","teamId":"10457217","lastUpdated":"2025-09-26T12:16:26.534Z"},{"partitionId":"7b421cce-a2c9-4001-862e-c05adac0a82e","namespace":"scratchPad","userId":0,"teamId":0,"isDirty":false}]]
[15004][1759143032567][main][info]["userPartitionService: users global meta:",{}]
[15004][1759143032567][main][info]["Main:windowManager~newRequesterWindow: Fetch and update runtime config: us"]
[15004][1759143033082][main][info]["getDesktopReleaseVersionAsQueryParams: webVersion: "]
[15004][1759143037411][main][info]["Main~getRemoteInitPath:: "]
[15004][1759143037641][main][info]["UpdateHandler~app-update-events - Received event",{"name":"checkForElectronVersionUpdated","namespace":"appUpdate"}]
[15004][1759143037649][main][info]["INTERCEPTOR CONNECTIVITY: Connecting to Interceptor Bridge"]
[15004][1759143037686][main][info]["windowManager: First requester booted successfully."]
[15004][1759143037687][main][info]["windowManager~restoreWindows: Restoring requester windows"]
[15004][1759143037688][main][info]["WebVersionService: Initialized successfully with version: 11.65.0-ui-250929-0112"]
[15004][1759143037688][main][info]["Main~AppEvents - Received booted event for process requester.Version 11.65.0 UI Version: 11.65.0-ui-250929-0112 Desktop Platform Version: 11.64.7"]
[15004][1759143037987][main][info]["Main~getRemoteInitPath:: "]
[15004][1759143039028][main][info]["Main~getPlatformLaunchPerfMetrics"]
[15004][1759143040002][main][info]["INTERCEPTOR CONNECTIVITY: Attempting to start websocket server on port 15611"]
[15004][1759143042446][main][info]["Main - model-events~user - (user, bootstrapUser) received"]
[15004][1759143042447][main][info]["model-events~user - bootstrapUser received"]
[15004][1759143046677][main][info]["Agent.worker: Agent process started"]
[15004][1759143046683][main][info]["Initializing provider:","runtime"]
[15004][1759143046685][main][info]["Initializing provider:","cloudFiles"]
[15004][1759143046686][main][info]["Agent.worker: Provider initialized","cloudFiles"]
[15004][1759143049353][main][info]["RuntimeIPCAgent~started: Success"]
[15004][1759143049370][main][info]["Agent.worker: Provider initialized","runtime"]
[15004][1759143049418][main][info]["Initializing provider:","fs"]
[15004][1759143049419][main][info]["Agent.worker: Provider initialized","fs"]
